<?xml version="1.0" encoding="UTF-8"?>
<!-- Generated by org.testng.reporters.JUnitReportReporter -->
<testsuite skipped="0" hostname="REM-LT-190506E" name="com.exercise3.TestsE3" tests="1" failures="0" timestamp="2021-05-18T08:58:48 CDT" time="1.488" errors="0">
  <testcase name="User_Login" time="1.488" classname="com.exercise3.TestsE3"/>
</testsuite> <!-- com.exercise3.TestsE3 -->
