<?xml version="1.0" encoding="UTF-8"?>
<!-- Generated by org.testng.reporters.JUnitReportReporter -->
<testsuite skipped="0" hostname="SAO-LT-190506E" name="com.exercise3.TestsE3" tests="1" failures="0" timestamp="2020-03-11T16:06:05 CST" time="3.182" errors="0">
  <testcase name="User_Login" time="3.182" classname="com.exercise3.TestsE3"/>
</testsuite> <!-- com.exercise3.TestsE3 -->
